<?xml version="1.0" encoding="UTF-8"?>
<testsuite name="JUnit Vintage" tests="9" skipped="0" failures="4" errors="0" time="0.883" hostname="nicolas" timestamp="2019-05-19T19:45:24">
<properties>
<property name="awt.toolkit" value="sun.awt.X11.XToolkit"/>
<property name="file.encoding" value="UTF-8"/>
<property name="file.encoding.pkg" value="sun.io"/>
<property name="file.separator" value="/"/>
<property name="java.awt.graphicsenv" value="sun.awt.X11GraphicsEnvironment"/>
<property name="java.awt.printerjob" value="sun.print.PSPrinterJob"/>
<property name="java.class.path" value="/home/nicolas/UNQ/IISOFT/eis_201901c_tp_grupal/build/classes/java/test:/home/nicolas/UNQ/IISOFT/eis_201901c_tp_grupal/build/resources/test:/home/nicolas/UNQ/IISOFT/eis_201901c_tp_grupal/build/classes/java/main:/home/nicolas/UNQ/IISOFT/eis_201901c_tp_grupal/build/resources/main:/home/nicolas/.gradle/caches/modules-2/files-2.1/org.assertj/assertj-core/3.9.0/de324a44efe19b9222d2218f7ac3102d728497d8/assertj-core-3.9.0.jar:/home/nicolas/.gradle/caches/modules-2/files-2.1/io.cucumber/cucumber-java/2.4.0/caf32eff3d7b194a34eccf1ab103196558dc428e/cucumber-java-2.4.0.jar:/home/nicolas/.gradle/caches/modules-2/files-2.1/io.cucumber/cucumber-junit/2.4.0/97bc6f147ebe3888c97933fe38da1d044771d7d2/cucumber-junit-2.4.0.jar:/home/nicolas/.gradle/caches/modules-2/files-2.1/org.junit.vintage/junit-vintage-engine/4.12.2/3ee780f46c5669ba5cf6a70405c49becec6f2cef/junit-vintage-engine-4.12.2.jar:/home/nicolas/.gradle/caches/modules-2/files-2.1/org.junit.jupiter/junit-jupiter-engine/5.0.2/e57de973ac81662ec2b9b225df6c882a641fabe6/junit-jupiter-engine-5.0.2.jar:/home/nicolas/.gradle/caches/modules-2/files-2.1/org.junit.jupiter/junit-jupiter-api/5.0.2/4024737a023e98dc6c9cbbd89fe0dd83975df65/junit-jupiter-api-5.0.2.jar:/home/nicolas/.gradle/caches/modules-2/files-2.1/io.cucumber/cucumber-core/2.4.0/dd7a961cc819c6422f669fce5bf9616b48877029/cucumber-core-2.4.0.jar:/home/nicolas/.gradle/caches/modules-2/files-2.1/junit/junit/4.12/2973d150c0dc1fefe998f834810d68f278ea58ec/junit-4.12.jar:/home/nicolas/.gradle/caches/modules-2/files-2.1/org.junit.platform/junit-platform-engine/1.0.2/ae5d9b8c44d78da636e4e1e00a907fe0fb7bcb8f/junit-platform-engine-1.0.2.jar:/home/nicolas/.gradle/caches/modules-2/files-2.1/org.opentest4j/opentest4j/1.0.0/6f09c598e9ff64bf0ce2fa7e7de49a99ba83c0b4/opentest4j-1.0.0.jar:/home/nicolas/.gradle/caches/modules-2/files-2.1/org.junit.platform/junit-platform-commons/1.0.2/e348a3a67940694f0718d04f9b0784b3dfb7819b/junit-platform-commons-1.0.2.jar:/home/nicolas/.gradle/caches/modules-2/files-2.1/info.cukes/cucumber-html/0.2.6/e2577a2a51fdb821e877433ae55ac9211ffcb16a/cucumber-html-0.2.6.jar:/home/nicolas/.gradle/caches/modules-2/files-2.1/io.cucumber/cucumber-jvm-deps/1.0.6/f099f06378ef35f9391fa2fbb41ac21d214fe737/cucumber-jvm-deps-1.0.6.jar:/home/nicolas/.gradle/caches/modules-2/files-2.1/io.cucumber/gherkin/5.0.0/a05c7dd957349d6ce3908771aa5414cb15777eb7/gherkin-5.0.0.jar:/home/nicolas/.gradle/caches/modules-2/files-2.1/io.cucumber/tag-expressions/1.1.1/a5cfcf43577aae5d314af5438459c2af659a1245/tag-expressions-1.1.1.jar:/home/nicolas/.gradle/caches/modules-2/files-2.1/org.hamcrest/hamcrest-core/1.3/42a25dc3219429f0e5d060061f71acb49bf010a0/hamcrest-core-1.3.jar:/home/nicolas/.gradle/caches/modules-2/files-2.1/org.junit.platform/junit-platform-console/1.0.2/2bf2cd18040bfe229bad813c7ab150a0f7ea8153/junit-platform-console-1.0.2.jar:/home/nicolas/.gradle/caches/modules-2/files-2.1/org.junit.platform/junit-platform-launcher/1.0.2/7cd136827fbfe3e6301b95f0340d654ad54feaa4/junit-platform-launcher-1.0.2.jar:build/tmp/expandedArchives/org.jacoco.agent-0.7.9.jar_17d4cd69b5d9b44b59ac09d2e4756e43/jacocoagent.jar"/>
<property name="java.class.version" value="52.0"/>
<property name="java.endorsed.dirs" value="/usr/lib/jvm/java-8-openjdk-amd64/jre/lib/endorsed"/>
<property name="java.ext.dirs" value="/usr/lib/jvm/java-8-openjdk-amd64/jre/lib/ext:/usr/java/packages/lib/ext"/>
<property name="java.home" value="/usr/lib/jvm/java-8-openjdk-amd64/jre"/>
<property name="java.io.tmpdir" value="/tmp"/>
<property name="java.library.path" value="/usr/java/packages/lib/amd64:/usr/lib/x86_64-linux-gnu/jni:/lib/x86_64-linux-gnu:/usr/lib/x86_64-linux-gnu:/usr/lib/jni:/lib:/usr/lib"/>
<property name="java.runtime.name" value="OpenJDK Runtime Environment"/>
<property name="java.runtime.version" value="1.8.0_191-8u191-b12-2ubuntu0.16.04.1-b12"/>
<property name="java.specification.name" value="Java Platform API Specification"/>
<property name="java.specification.vendor" value="Oracle Corporation"/>
<property name="java.specification.version" value="1.8"/>
<property name="java.vendor" value="Oracle Corporation"/>
<property name="java.vendor.url" value="http://java.oracle.com/"/>
<property name="java.vendor.url.bug" value="http://bugreport.sun.com/bugreport/"/>
<property name="java.version" value="1.8.0_191"/>
<property name="java.vm.info" value="mixed mode"/>
<property name="java.vm.name" value="OpenJDK 64-Bit Server VM"/>
<property name="java.vm.specification.name" value="Java Virtual Machine Specification"/>
<property name="java.vm.specification.vendor" value="Oracle Corporation"/>
<property name="java.vm.specification.version" value="1.8"/>
<property name="java.vm.vendor" value="Oracle Corporation"/>
<property name="java.vm.version" value="25.191-b12"/>
<property name="line.separator" value="
"/>
<property name="os.arch" value="amd64"/>
<property name="os.name" value="Linux"/>
<property name="os.version" value="4.15.0-48-generic"/>
<property name="path.separator" value=":"/>
<property name="sun.arch.data.model" value="64"/>
<property name="sun.boot.class.path" value="/usr/lib/jvm/java-8-openjdk-amd64/jre/lib/resources.jar:/usr/lib/jvm/java-8-openjdk-amd64/jre/lib/rt.jar:/usr/lib/jvm/java-8-openjdk-amd64/jre/lib/sunrsasign.jar:/usr/lib/jvm/java-8-openjdk-amd64/jre/lib/jsse.jar:/usr/lib/jvm/java-8-openjdk-amd64/jre/lib/jce.jar:/usr/lib/jvm/java-8-openjdk-amd64/jre/lib/charsets.jar:/usr/lib/jvm/java-8-openjdk-amd64/jre/lib/jfr.jar:/usr/lib/jvm/java-8-openjdk-amd64/jre/classes"/>
<property name="sun.boot.library.path" value="/usr/lib/jvm/java-8-openjdk-amd64/jre/lib/amd64"/>
<property name="sun.cpu.endian" value="little"/>
<property name="sun.cpu.isalist" value=""/>
<property name="sun.desktop" value="gnome"/>
<property name="sun.io.unicode.encoding" value="UnicodeLittle"/>
<property name="sun.java.command" value="org.junit.platform.console.ConsoleLauncher --details NONE --scan-class-path /home/nicolas/UNQ/IISOFT/eis_201901c_tp_grupal/build/classes/java/main:/home/nicolas/UNQ/IISOFT/eis_201901c_tp_grupal/build/resources/main:/home/nicolas/UNQ/IISOFT/eis_201901c_tp_grupal/build/classes/java/test:/home/nicolas/UNQ/IISOFT/eis_201901c_tp_grupal/build/resources/test -n ^.*Tests?$ --reports-dir /home/nicolas/UNQ/IISOFT/eis_201901c_tp_grupal/build/test-results/junit-platform"/>
<property name="sun.java.launcher" value="SUN_STANDARD"/>
<property name="sun.jnu.encoding" value="UTF-8"/>
<property name="sun.management.compiler" value="HotSpot 64-Bit Tiered Compilers"/>
<property name="sun.os.patch.level" value="unknown"/>
<property name="user.country" value="AR"/>
<property name="user.dir" value="/home/nicolas/UNQ/IISOFT/eis_201901c_tp_grupal"/>
<property name="user.home" value="/home/nicolas"/>
<property name="user.language" value="es"/>
<property name="user.name" value="nicolas"/>
<property name="user.timezone" value="America/Argentina/Buenos_Aires"/>
<property name="user.variant" value=""/>
</properties>
<testcase name="Bomberman se mueve hacia el norte" classname="Feature: Bomberman se mueve a la celda contigua" time="0.045">
<failure message="Multiple Failures (4 failures)
	The step &quot;Bomberman&quot; is undefined
	The step &quot;Lo muevo de celda hacia el norte&quot; is undefined
	The step &quot;la celda esta vacia&quot; is undefined
	The step &quot;bomberman esta en la proxima celda al norte&quot; is undefined" type="org.opentest4j.MultipleFailuresError"><![CDATA[org.opentest4j.MultipleFailuresError: Multiple Failures (4 failures)
	The step "Bomberman" is undefined
	The step "Lo muevo de celda hacia el norte" is undefined
	The step "la celda esta vacia" is undefined
	The step "bomberman esta en la proxima celda al norte" is undefined
	at org.junit.vintage.engine.execution.TestRun.getStoredResultOrSuccessful(TestRun.java:166)
	at org.junit.vintage.engine.execution.RunListenerAdapter.fireExecutionFinished(RunListenerAdapter.java:204)
	at org.junit.vintage.engine.execution.RunListenerAdapter.testFinished(RunListenerAdapter.java:162)
	at org.junit.vintage.engine.execution.RunListenerAdapter.testFinished(RunListenerAdapter.java:78)
	at org.junit.runner.notification.SynchronizedRunListener.testFinished(SynchronizedRunListener.java:56)
	at org.junit.runner.notification.RunNotifier$7.notifyListener(RunNotifier.java:190)
	at org.junit.runner.notification.RunNotifier$SafeNotifier.run(RunNotifier.java:72)
	at org.junit.runner.notification.RunNotifier.fireTestFinished(RunNotifier.java:187)
	at cucumber.runtime.junit.JUnitReporter$EachTestNotifier.fireTestFinished(JUnitReporter.java:252)
	at cucumber.runtime.junit.JUnitReporter.handleTestCaseResult(JUnitReporter.java:173)
	at cucumber.runtime.junit.JUnitReporter$4.receive(JUnitReporter.java:64)
	at cucumber.runtime.junit.JUnitReporter$4.receive(JUnitReporter.java:60)
	at cucumber.runner.EventBus.send(EventBus.java:28)
	at cucumber.api.TestCase.run(TestCase.java:65)
	at cucumber.runner.Runner.runPickle(Runner.java:80)
	at cucumber.runtime.junit.PickleRunners$NoStepDescriptions.run(PickleRunners.java:140)
	at cucumber.runtime.junit.FeatureRunner.runChild(FeatureRunner.java:68)
	at cucumber.runtime.junit.FeatureRunner.runChild(FeatureRunner.java:23)
	at org.junit.runners.ParentRunner$3.run(ParentRunner.java:290)
	at org.junit.runners.ParentRunner$1.schedule(ParentRunner.java:71)
	at org.junit.runners.ParentRunner.runChildren(ParentRunner.java:288)
	at org.junit.runners.ParentRunner.access$000(ParentRunner.java:58)
	at org.junit.runners.ParentRunner$2.evaluate(ParentRunner.java:268)
	at org.junit.runners.ParentRunner.run(ParentRunner.java:363)
	at cucumber.runtime.junit.FeatureRunner.run(FeatureRunner.java:73)
	at cucumber.api.junit.Cucumber.runChild(Cucumber.java:118)
	at cucumber.api.junit.Cucumber.runChild(Cucumber.java:56)
	at org.junit.runners.ParentRunner$3.run(ParentRunner.java:290)
	at org.junit.runners.ParentRunner$1.schedule(ParentRunner.java:71)
	at org.junit.runners.ParentRunner.runChildren(ParentRunner.java:288)
	at org.junit.runners.ParentRunner.access$000(ParentRunner.java:58)
	at org.junit.runners.ParentRunner$2.evaluate(ParentRunner.java:268)
	at cucumber.api.junit.Cucumber$1.evaluate(Cucumber.java:127)
	at org.junit.runners.ParentRunner.run(ParentRunner.java:363)
	at org.junit.runner.JUnitCore.run(JUnitCore.java:137)
	at org.junit.runner.JUnitCore.run(JUnitCore.java:115)
	at org.junit.vintage.engine.execution.RunnerExecutor.execute(RunnerExecutor.java:42)
	at java.util.stream.ForEachOps$ForEachOp$OfRef.accept(ForEachOps.java:184)
	at java.util.stream.ReferencePipeline$3$1.accept(ReferencePipeline.java:193)
	at java.util.Iterator.forEachRemaining(Iterator.java:116)
	at java.util.Spliterators$IteratorSpliterator.forEachRemaining(Spliterators.java:1801)
	at java.util.stream.AbstractPipeline.copyInto(AbstractPipeline.java:481)
	at java.util.stream.AbstractPipeline.wrapAndCopyInto(AbstractPipeline.java:471)
	at java.util.stream.ForEachOps$ForEachOp.evaluateSequential(ForEachOps.java:151)
	at java.util.stream.ForEachOps$ForEachOp$OfRef.evaluateSequential(ForEachOps.java:174)
	at java.util.stream.AbstractPipeline.evaluate(AbstractPipeline.java:234)
	at java.util.stream.ReferencePipeline.forEach(ReferencePipeline.java:418)
	at org.junit.vintage.engine.VintageTestEngine.executeAllChildren(VintageTestEngine.java:83)
	at org.junit.vintage.engine.VintageTestEngine.execute(VintageTestEngine.java:74)
	at org.junit.platform.launcher.core.DefaultLauncher.execute(DefaultLauncher.java:170)
	at org.junit.platform.launcher.core.DefaultLauncher.execute(DefaultLauncher.java:154)
	at org.junit.platform.launcher.core.DefaultLauncher.execute(DefaultLauncher.java:90)
	at org.junit.platform.console.tasks.ConsoleTestExecutor.executeTests(ConsoleTestExecutor.java:65)
	at org.junit.platform.console.tasks.ConsoleTestExecutor.lambda$execute$0(ConsoleTestExecutor.java:57)
	at org.junit.platform.console.tasks.CustomContextClassLoaderExecutor.invoke(CustomContextClassLoaderExecutor.java:33)
	at org.junit.platform.console.tasks.ConsoleTestExecutor.execute(ConsoleTestExecutor.java:57)
	at org.junit.platform.console.ConsoleLauncher.executeTests(ConsoleLauncher.java:84)
	at org.junit.platform.console.ConsoleLauncher.execute(ConsoleLauncher.java:74)
	at org.junit.platform.console.ConsoleLauncher.execute(ConsoleLauncher.java:47)
	at org.junit.platform.console.ConsoleLauncher.main(ConsoleLauncher.java:39)
]]></failure>
<system-out><![CDATA[
unique-id: [engine:junit-vintage]/[runner:gradle.RunCukesTest]/[test:rO0ABXNyAC5jdWN1bWJlci5ydW50aW1lLmp1bml0LkZlYXR1cmVSdW5uZXIkRmVhdHVyZUlkAAAAAAAAAAECAAFMAAN1cml0ABJMamF2YS9sYW5nL1N0cmluZzt4cHQAMmdyYWRsZS9jdWN1bWJlci9Cb21iZXJtYW5NdWV2ZVByb3hpbWFDZWxkYS5mZWF0dXJl]/[test:rO0ABXNyAC1jdWN1bWJlci5ydW50aW1lLmp1bml0LlBpY2tsZVJ1bm5lcnMkUGlja2xlSWQAAAAAAAAAAQIAAkkACnBpY2tsZUxpbmVMAAN1cml0ABJMamF2YS9sYW5nL1N0cmluZzt4cAAAAAN0ADJncmFkbGUvY3VjdW1iZXIvQm9tYmVybWFuTXVldmVQcm94aW1hQ2VsZGEuZmVhdHVyZQ==]
display-name: Bomberman se mueve hacia el norte
]]></system-out>
</testcase>
<testcase name="Bomberman se mueve hacia el Sur" classname="Feature: Bomberman se mueve a la celda contigua" time="0.006">
<failure message="Multiple Failures (4 failures)
	The step &quot;Bomberman&quot; is undefined
	The step &quot;Lo muevo de celda hacia el Sur&quot; is undefined
	The step &quot;la celda esta vacia&quot; is undefined
	The step &quot;bomberman esta en la proxima celda al Sur&quot; is undefined" type="org.opentest4j.MultipleFailuresError"><![CDATA[org.opentest4j.MultipleFailuresError: Multiple Failures (4 failures)
	The step "Bomberman" is undefined
	The step "Lo muevo de celda hacia el Sur" is undefined
	The step "la celda esta vacia" is undefined
	The step "bomberman esta en la proxima celda al Sur" is undefined
	at org.junit.vintage.engine.execution.TestRun.getStoredResultOrSuccessful(TestRun.java:166)
	at org.junit.vintage.engine.execution.RunListenerAdapter.fireExecutionFinished(RunListenerAdapter.java:204)
	at org.junit.vintage.engine.execution.RunListenerAdapter.testFinished(RunListenerAdapter.java:162)
	at org.junit.vintage.engine.execution.RunListenerAdapter.testFinished(RunListenerAdapter.java:78)
	at org.junit.runner.notification.SynchronizedRunListener.testFinished(SynchronizedRunListener.java:56)
	at org.junit.runner.notification.RunNotifier$7.notifyListener(RunNotifier.java:190)
	at org.junit.runner.notification.RunNotifier$SafeNotifier.run(RunNotifier.java:72)
	at org.junit.runner.notification.RunNotifier.fireTestFinished(RunNotifier.java:187)
	at cucumber.runtime.junit.JUnitReporter$EachTestNotifier.fireTestFinished(JUnitReporter.java:252)
	at cucumber.runtime.junit.JUnitReporter.handleTestCaseResult(JUnitReporter.java:173)
	at cucumber.runtime.junit.JUnitReporter$4.receive(JUnitReporter.java:64)
	at cucumber.runtime.junit.JUnitReporter$4.receive(JUnitReporter.java:60)
	at cucumber.runner.EventBus.send(EventBus.java:28)
	at cucumber.api.TestCase.run(TestCase.java:65)
	at cucumber.runner.Runner.runPickle(Runner.java:80)
	at cucumber.runtime.junit.PickleRunners$NoStepDescriptions.run(PickleRunners.java:140)
	at cucumber.runtime.junit.FeatureRunner.runChild(FeatureRunner.java:68)
	at cucumber.runtime.junit.FeatureRunner.runChild(FeatureRunner.java:23)
	at org.junit.runners.ParentRunner$3.run(ParentRunner.java:290)
	at org.junit.runners.ParentRunner$1.schedule(ParentRunner.java:71)
	at org.junit.runners.ParentRunner.runChildren(ParentRunner.java:288)
	at org.junit.runners.ParentRunner.access$000(ParentRunner.java:58)
	at org.junit.runners.ParentRunner$2.evaluate(ParentRunner.java:268)
	at org.junit.runners.ParentRunner.run(ParentRunner.java:363)
	at cucumber.runtime.junit.FeatureRunner.run(FeatureRunner.java:73)
	at cucumber.api.junit.Cucumber.runChild(Cucumber.java:118)
	at cucumber.api.junit.Cucumber.runChild(Cucumber.java:56)
	at org.junit.runners.ParentRunner$3.run(ParentRunner.java:290)
	at org.junit.runners.ParentRunner$1.schedule(ParentRunner.java:71)
	at org.junit.runners.ParentRunner.runChildren(ParentRunner.java:288)
	at org.junit.runners.ParentRunner.access$000(ParentRunner.java:58)
	at org.junit.runners.ParentRunner$2.evaluate(ParentRunner.java:268)
	at cucumber.api.junit.Cucumber$1.evaluate(Cucumber.java:127)
	at org.junit.runners.ParentRunner.run(ParentRunner.java:363)
	at org.junit.runner.JUnitCore.run(JUnitCore.java:137)
	at org.junit.runner.JUnitCore.run(JUnitCore.java:115)
	at org.junit.vintage.engine.execution.RunnerExecutor.execute(RunnerExecutor.java:42)
	at java.util.stream.ForEachOps$ForEachOp$OfRef.accept(ForEachOps.java:184)
	at java.util.stream.ReferencePipeline$3$1.accept(ReferencePipeline.java:193)
	at java.util.Iterator.forEachRemaining(Iterator.java:116)
	at java.util.Spliterators$IteratorSpliterator.forEachRemaining(Spliterators.java:1801)
	at java.util.stream.AbstractPipeline.copyInto(AbstractPipeline.java:481)
	at java.util.stream.AbstractPipeline.wrapAndCopyInto(AbstractPipeline.java:471)
	at java.util.stream.ForEachOps$ForEachOp.evaluateSequential(ForEachOps.java:151)
	at java.util.stream.ForEachOps$ForEachOp$OfRef.evaluateSequential(ForEachOps.java:174)
	at java.util.stream.AbstractPipeline.evaluate(AbstractPipeline.java:234)
	at java.util.stream.ReferencePipeline.forEach(ReferencePipeline.java:418)
	at org.junit.vintage.engine.VintageTestEngine.executeAllChildren(VintageTestEngine.java:83)
	at org.junit.vintage.engine.VintageTestEngine.execute(VintageTestEngine.java:74)
	at org.junit.platform.launcher.core.DefaultLauncher.execute(DefaultLauncher.java:170)
	at org.junit.platform.launcher.core.DefaultLauncher.execute(DefaultLauncher.java:154)
	at org.junit.platform.launcher.core.DefaultLauncher.execute(DefaultLauncher.java:90)
	at org.junit.platform.console.tasks.ConsoleTestExecutor.executeTests(ConsoleTestExecutor.java:65)
	at org.junit.platform.console.tasks.ConsoleTestExecutor.lambda$execute$0(ConsoleTestExecutor.java:57)
	at org.junit.platform.console.tasks.CustomContextClassLoaderExecutor.invoke(CustomContextClassLoaderExecutor.java:33)
	at org.junit.platform.console.tasks.ConsoleTestExecutor.execute(ConsoleTestExecutor.java:57)
	at org.junit.platform.console.ConsoleLauncher.executeTests(ConsoleLauncher.java:84)
	at org.junit.platform.console.ConsoleLauncher.execute(ConsoleLauncher.java:74)
	at org.junit.platform.console.ConsoleLauncher.execute(ConsoleLauncher.java:47)
	at org.junit.platform.console.ConsoleLauncher.main(ConsoleLauncher.java:39)
]]></failure>
<system-out><![CDATA[
unique-id: [engine:junit-vintage]/[runner:gradle.RunCukesTest]/[test:rO0ABXNyAC5jdWN1bWJlci5ydW50aW1lLmp1bml0LkZlYXR1cmVSdW5uZXIkRmVhdHVyZUlkAAAAAAAAAAECAAFMAAN1cml0ABJMamF2YS9sYW5nL1N0cmluZzt4cHQAMmdyYWRsZS9jdWN1bWJlci9Cb21iZXJtYW5NdWV2ZVByb3hpbWFDZWxkYS5mZWF0dXJl]/[test:rO0ABXNyAC1jdWN1bWJlci5ydW50aW1lLmp1bml0LlBpY2tsZVJ1bm5lcnMkUGlja2xlSWQAAAAAAAAAAQIAAkkACnBpY2tsZUxpbmVMAAN1cml0ABJMamF2YS9sYW5nL1N0cmluZzt4cAAAAAl0ADJncmFkbGUvY3VjdW1iZXIvQm9tYmVybWFuTXVldmVQcm94aW1hQ2VsZGEuZmVhdHVyZQ==]
display-name: Bomberman se mueve hacia el Sur
]]></system-out>
</testcase>
<testcase name="Bomberman se mueve hacia el Este" classname="Feature: Bomberman se mueve a la celda contigua" time="0.016">
<failure message="Multiple Failures (4 failures)
	The step &quot;Bomberman&quot; is undefined
	The step &quot;Lo muevo de celda hacia el Este&quot; is undefined
	The step &quot;la celda esta vacia&quot; is undefined
	The step &quot;bomberman esta en la proxima celda al Este&quot; is undefined" type="org.opentest4j.MultipleFailuresError"><![CDATA[org.opentest4j.MultipleFailuresError: Multiple Failures (4 failures)
	The step "Bomberman" is undefined
	The step "Lo muevo de celda hacia el Este" is undefined
	The step "la celda esta vacia" is undefined
	The step "bomberman esta en la proxima celda al Este" is undefined
	at org.junit.vintage.engine.execution.TestRun.getStoredResultOrSuccessful(TestRun.java:166)
	at org.junit.vintage.engine.execution.RunListenerAdapter.fireExecutionFinished(RunListenerAdapter.java:204)
	at org.junit.vintage.engine.execution.RunListenerAdapter.testFinished(RunListenerAdapter.java:162)
	at org.junit.vintage.engine.execution.RunListenerAdapter.testFinished(RunListenerAdapter.java:78)
	at org.junit.runner.notification.SynchronizedRunListener.testFinished(SynchronizedRunListener.java:56)
	at org.junit.runner.notification.RunNotifier$7.notifyListener(RunNotifier.java:190)
	at org.junit.runner.notification.RunNotifier$SafeNotifier.run(RunNotifier.java:72)
	at org.junit.runner.notification.RunNotifier.fireTestFinished(RunNotifier.java:187)
	at cucumber.runtime.junit.JUnitReporter$EachTestNotifier.fireTestFinished(JUnitReporter.java:252)
	at cucumber.runtime.junit.JUnitReporter.handleTestCaseResult(JUnitReporter.java:173)
	at cucumber.runtime.junit.JUnitReporter$4.receive(JUnitReporter.java:64)
	at cucumber.runtime.junit.JUnitReporter$4.receive(JUnitReporter.java:60)
	at cucumber.runner.EventBus.send(EventBus.java:28)
	at cucumber.api.TestCase.run(TestCase.java:65)
	at cucumber.runner.Runner.runPickle(Runner.java:80)
	at cucumber.runtime.junit.PickleRunners$NoStepDescriptions.run(PickleRunners.java:140)
	at cucumber.runtime.junit.FeatureRunner.runChild(FeatureRunner.java:68)
	at cucumber.runtime.junit.FeatureRunner.runChild(FeatureRunner.java:23)
	at org.junit.runners.ParentRunner$3.run(ParentRunner.java:290)
	at org.junit.runners.ParentRunner$1.schedule(ParentRunner.java:71)
	at org.junit.runners.ParentRunner.runChildren(ParentRunner.java:288)
	at org.junit.runners.ParentRunner.access$000(ParentRunner.java:58)
	at org.junit.runners.ParentRunner$2.evaluate(ParentRunner.java:268)
	at org.junit.runners.ParentRunner.run(ParentRunner.java:363)
	at cucumber.runtime.junit.FeatureRunner.run(FeatureRunner.java:73)
	at cucumber.api.junit.Cucumber.runChild(Cucumber.java:118)
	at cucumber.api.junit.Cucumber.runChild(Cucumber.java:56)
	at org.junit.runners.ParentRunner$3.run(ParentRunner.java:290)
	at org.junit.runners.ParentRunner$1.schedule(ParentRunner.java:71)
	at org.junit.runners.ParentRunner.runChildren(ParentRunner.java:288)
	at org.junit.runners.ParentRunner.access$000(ParentRunner.java:58)
	at org.junit.runners.ParentRunner$2.evaluate(ParentRunner.java:268)
	at cucumber.api.junit.Cucumber$1.evaluate(Cucumber.java:127)
	at org.junit.runners.ParentRunner.run(ParentRunner.java:363)
	at org.junit.runner.JUnitCore.run(JUnitCore.java:137)
	at org.junit.runner.JUnitCore.run(JUnitCore.java:115)
	at org.junit.vintage.engine.execution.RunnerExecutor.execute(RunnerExecutor.java:42)
	at java.util.stream.ForEachOps$ForEachOp$OfRef.accept(ForEachOps.java:184)
	at java.util.stream.ReferencePipeline$3$1.accept(ReferencePipeline.java:193)
	at java.util.Iterator.forEachRemaining(Iterator.java:116)
	at java.util.Spliterators$IteratorSpliterator.forEachRemaining(Spliterators.java:1801)
	at java.util.stream.AbstractPipeline.copyInto(AbstractPipeline.java:481)
	at java.util.stream.AbstractPipeline.wrapAndCopyInto(AbstractPipeline.java:471)
	at java.util.stream.ForEachOps$ForEachOp.evaluateSequential(ForEachOps.java:151)
	at java.util.stream.ForEachOps$ForEachOp$OfRef.evaluateSequential(ForEachOps.java:174)
	at java.util.stream.AbstractPipeline.evaluate(AbstractPipeline.java:234)
	at java.util.stream.ReferencePipeline.forEach(ReferencePipeline.java:418)
	at org.junit.vintage.engine.VintageTestEngine.executeAllChildren(VintageTestEngine.java:83)
	at org.junit.vintage.engine.VintageTestEngine.execute(VintageTestEngine.java:74)
	at org.junit.platform.launcher.core.DefaultLauncher.execute(DefaultLauncher.java:170)
	at org.junit.platform.launcher.core.DefaultLauncher.execute(DefaultLauncher.java:154)
	at org.junit.platform.launcher.core.DefaultLauncher.execute(DefaultLauncher.java:90)
	at org.junit.platform.console.tasks.ConsoleTestExecutor.executeTests(ConsoleTestExecutor.java:65)
	at org.junit.platform.console.tasks.ConsoleTestExecutor.lambda$execute$0(ConsoleTestExecutor.java:57)
	at org.junit.platform.console.tasks.CustomContextClassLoaderExecutor.invoke(CustomContextClassLoaderExecutor.java:33)
	at org.junit.platform.console.tasks.ConsoleTestExecutor.execute(ConsoleTestExecutor.java:57)
	at org.junit.platform.console.ConsoleLauncher.executeTests(ConsoleLauncher.java:84)
	at org.junit.platform.console.ConsoleLauncher.execute(ConsoleLauncher.java:74)
	at org.junit.platform.console.ConsoleLauncher.execute(ConsoleLauncher.java:47)
	at org.junit.platform.console.ConsoleLauncher.main(ConsoleLauncher.java:39)
]]></failure>
<system-out><![CDATA[
unique-id: [engine:junit-vintage]/[runner:gradle.RunCukesTest]/[test:rO0ABXNyAC5jdWN1bWJlci5ydW50aW1lLmp1bml0LkZlYXR1cmVSdW5uZXIkRmVhdHVyZUlkAAAAAAAAAAECAAFMAAN1cml0ABJMamF2YS9sYW5nL1N0cmluZzt4cHQAMmdyYWRsZS9jdWN1bWJlci9Cb21iZXJtYW5NdWV2ZVByb3hpbWFDZWxkYS5mZWF0dXJl]/[test:rO0ABXNyAC1jdWN1bWJlci5ydW50aW1lLmp1bml0LlBpY2tsZVJ1bm5lcnMkUGlja2xlSWQAAAAAAAAAAQIAAkkACnBpY2tsZUxpbmVMAAN1cml0ABJMamF2YS9sYW5nL1N0cmluZzt4cAAAAA90ADJncmFkbGUvY3VjdW1iZXIvQm9tYmVybWFuTXVldmVQcm94aW1hQ2VsZGEuZmVhdHVyZQ==]
display-name: Bomberman se mueve hacia el Este
]]></system-out>
</testcase>
<testcase name="Bomberman se mueve hacia el Oeste" classname="Feature: Bomberman se mueve a la celda contigua" time="0.004">
<failure message="Multiple Failures (4 failures)
	The step &quot;Bomberman&quot; is undefined
	The step &quot;Lo muevo de celda hacia el Oeste&quot; is undefined
	The step &quot;la celda esta vacia&quot; is undefined
	The step &quot;bomberman esta en la proxima celda al Oeste&quot; is undefined" type="org.opentest4j.MultipleFailuresError"><![CDATA[org.opentest4j.MultipleFailuresError: Multiple Failures (4 failures)
	The step "Bomberman" is undefined
	The step "Lo muevo de celda hacia el Oeste" is undefined
	The step "la celda esta vacia" is undefined
	The step "bomberman esta en la proxima celda al Oeste" is undefined
	at org.junit.vintage.engine.execution.TestRun.getStoredResultOrSuccessful(TestRun.java:166)
	at org.junit.vintage.engine.execution.RunListenerAdapter.fireExecutionFinished(RunListenerAdapter.java:204)
	at org.junit.vintage.engine.execution.RunListenerAdapter.testFinished(RunListenerAdapter.java:162)
	at org.junit.vintage.engine.execution.RunListenerAdapter.testFinished(RunListenerAdapter.java:78)
	at org.junit.runner.notification.SynchronizedRunListener.testFinished(SynchronizedRunListener.java:56)
	at org.junit.runner.notification.RunNotifier$7.notifyListener(RunNotifier.java:190)
	at org.junit.runner.notification.RunNotifier$SafeNotifier.run(RunNotifier.java:72)
	at org.junit.runner.notification.RunNotifier.fireTestFinished(RunNotifier.java:187)
	at cucumber.runtime.junit.JUnitReporter$EachTestNotifier.fireTestFinished(JUnitReporter.java:252)
	at cucumber.runtime.junit.JUnitReporter.handleTestCaseResult(JUnitReporter.java:173)
	at cucumber.runtime.junit.JUnitReporter$4.receive(JUnitReporter.java:64)
	at cucumber.runtime.junit.JUnitReporter$4.receive(JUnitReporter.java:60)
	at cucumber.runner.EventBus.send(EventBus.java:28)
	at cucumber.api.TestCase.run(TestCase.java:65)
	at cucumber.runner.Runner.runPickle(Runner.java:80)
	at cucumber.runtime.junit.PickleRunners$NoStepDescriptions.run(PickleRunners.java:140)
	at cucumber.runtime.junit.FeatureRunner.runChild(FeatureRunner.java:68)
	at cucumber.runtime.junit.FeatureRunner.runChild(FeatureRunner.java:23)
	at org.junit.runners.ParentRunner$3.run(ParentRunner.java:290)
	at org.junit.runners.ParentRunner$1.schedule(ParentRunner.java:71)
	at org.junit.runners.ParentRunner.runChildren(ParentRunner.java:288)
	at org.junit.runners.ParentRunner.access$000(ParentRunner.java:58)
	at org.junit.runners.ParentRunner$2.evaluate(ParentRunner.java:268)
	at org.junit.runners.ParentRunner.run(ParentRunner.java:363)
	at cucumber.runtime.junit.FeatureRunner.run(FeatureRunner.java:73)
	at cucumber.api.junit.Cucumber.runChild(Cucumber.java:118)
	at cucumber.api.junit.Cucumber.runChild(Cucumber.java:56)
	at org.junit.runners.ParentRunner$3.run(ParentRunner.java:290)
	at org.junit.runners.ParentRunner$1.schedule(ParentRunner.java:71)
	at org.junit.runners.ParentRunner.runChildren(ParentRunner.java:288)
	at org.junit.runners.ParentRunner.access$000(ParentRunner.java:58)
	at org.junit.runners.ParentRunner$2.evaluate(ParentRunner.java:268)
	at cucumber.api.junit.Cucumber$1.evaluate(Cucumber.java:127)
	at org.junit.runners.ParentRunner.run(ParentRunner.java:363)
	at org.junit.runner.JUnitCore.run(JUnitCore.java:137)
	at org.junit.runner.JUnitCore.run(JUnitCore.java:115)
	at org.junit.vintage.engine.execution.RunnerExecutor.execute(RunnerExecutor.java:42)
	at java.util.stream.ForEachOps$ForEachOp$OfRef.accept(ForEachOps.java:184)
	at java.util.stream.ReferencePipeline$3$1.accept(ReferencePipeline.java:193)
	at java.util.Iterator.forEachRemaining(Iterator.java:116)
	at java.util.Spliterators$IteratorSpliterator.forEachRemaining(Spliterators.java:1801)
	at java.util.stream.AbstractPipeline.copyInto(AbstractPipeline.java:481)
	at java.util.stream.AbstractPipeline.wrapAndCopyInto(AbstractPipeline.java:471)
	at java.util.stream.ForEachOps$ForEachOp.evaluateSequential(ForEachOps.java:151)
	at java.util.stream.ForEachOps$ForEachOp$OfRef.evaluateSequential(ForEachOps.java:174)
	at java.util.stream.AbstractPipeline.evaluate(AbstractPipeline.java:234)
	at java.util.stream.ReferencePipeline.forEach(ReferencePipeline.java:418)
	at org.junit.vintage.engine.VintageTestEngine.executeAllChildren(VintageTestEngine.java:83)
	at org.junit.vintage.engine.VintageTestEngine.execute(VintageTestEngine.java:74)
	at org.junit.platform.launcher.core.DefaultLauncher.execute(DefaultLauncher.java:170)
	at org.junit.platform.launcher.core.DefaultLauncher.execute(DefaultLauncher.java:154)
	at org.junit.platform.launcher.core.DefaultLauncher.execute(DefaultLauncher.java:90)
	at org.junit.platform.console.tasks.ConsoleTestExecutor.executeTests(ConsoleTestExecutor.java:65)
	at org.junit.platform.console.tasks.ConsoleTestExecutor.lambda$execute$0(ConsoleTestExecutor.java:57)
	at org.junit.platform.console.tasks.CustomContextClassLoaderExecutor.invoke(CustomContextClassLoaderExecutor.java:33)
	at org.junit.platform.console.tasks.ConsoleTestExecutor.execute(ConsoleTestExecutor.java:57)
	at org.junit.platform.console.ConsoleLauncher.executeTests(ConsoleLauncher.java:84)
	at org.junit.platform.console.ConsoleLauncher.execute(ConsoleLauncher.java:74)
	at org.junit.platform.console.ConsoleLauncher.execute(ConsoleLauncher.java:47)
	at org.junit.platform.console.ConsoleLauncher.main(ConsoleLauncher.java:39)
]]></failure>
<system-out><![CDATA[
unique-id: [engine:junit-vintage]/[runner:gradle.RunCukesTest]/[test:rO0ABXNyAC5jdWN1bWJlci5ydW50aW1lLmp1bml0LkZlYXR1cmVSdW5uZXIkRmVhdHVyZUlkAAAAAAAAAAECAAFMAAN1cml0ABJMamF2YS9sYW5nL1N0cmluZzt4cHQAMmdyYWRsZS9jdWN1bWJlci9Cb21iZXJtYW5NdWV2ZVByb3hpbWFDZWxkYS5mZWF0dXJl]/[test:rO0ABXNyAC1jdWN1bWJlci5ydW50aW1lLmp1bml0LlBpY2tsZVJ1bm5lcnMkUGlja2xlSWQAAAAAAAAAAQIAAkkACnBpY2tsZUxpbmVMAAN1cml0ABJMamF2YS9sYW5nL1N0cmluZzt4cAAAABV0ADJncmFkbGUvY3VjdW1iZXIvQm9tYmVybWFuTXVldmVQcm94aW1hQ2VsZGEuZmVhdHVyZQ==]
display-name: Bomberman se mueve hacia el Oeste
]]></system-out>
</testcase>
<testcase name="Just a failing scenario" classname="Feature: Gradle-Cucumber integration" time="0.608">
<system-out><![CDATA[
unique-id: [engine:junit-vintage]/[runner:gradle.RunCukesTest]/[test:rO0ABXNyAC5jdWN1bWJlci5ydW50aW1lLmp1bml0LkZlYXR1cmVSdW5uZXIkRmVhdHVyZUlkAAAAAAAAAAECAAFMAAN1cml0ABJMamF2YS9sYW5nL1N0cmluZzt4cHQAHmdyYWRsZS9jdWN1bWJlci9ncmFkbGUuZmVhdHVyZQ==]/[test:rO0ABXNyAC1jdWN1bWJlci5ydW50aW1lLmp1bml0LlBpY2tsZVJ1bm5lcnMkUGlja2xlSWQAAAAAAAAAAQIAAkkACnBpY2tsZUxpbmVMAAN1cml0ABJMamF2YS9sYW5nL1N0cmluZzt4cAAAAAN0AB5ncmFkbGUvY3VjdW1iZXIvZ3JhZGxlLmZlYXR1cmU=]
display-name: Just a failing scenario
]]></system-out>
</testcase>
<testcase name="testWhenBombermanInCoordinate1x1MovesToTheSouthernCellHisNewCoordinateIs1x0y" classname="BombermanTest" time="0.02">
<system-out><![CDATA[
unique-id: [engine:junit-vintage]/[runner:BombermanTest]/[test:testWhenBombermanInCoordinate1x1MovesToTheSouthernCellHisNewCoordinateIs1x0y(BombermanTest)]
display-name: testWhenBombermanInCoordinate1x1MovesToTheSouthernCellHisNewCoordinateIs1x0y
]]></system-out>
</testcase>
<testcase name="testWhenBombermanInCoordinate1x1yMovesToTheNorthenCellHisNewCoordinateIs1x2y" classname="BombermanTest" time="0.001">
<system-out><![CDATA[
unique-id: [engine:junit-vintage]/[runner:BombermanTest]/[test:testWhenBombermanInCoordinate1x1yMovesToTheNorthenCellHisNewCoordinateIs1x2y(BombermanTest)]
display-name: testWhenBombermanInCoordinate1x1yMovesToTheNorthenCellHisNewCoordinateIs1x2y
]]></system-out>
</testcase>
<testcase name="testWhenBombermanInCoordinate1x1MovesToTheWesternCellHisNewCoordinateIs0x1y" classname="BombermanTest" time="0.001">
<system-out><![CDATA[
unique-id: [engine:junit-vintage]/[runner:BombermanTest]/[test:testWhenBombermanInCoordinate1x1MovesToTheWesternCellHisNewCoordinateIs0x1y(BombermanTest)]
display-name: testWhenBombermanInCoordinate1x1MovesToTheWesternCellHisNewCoordinateIs0x1y
]]></system-out>
</testcase>
<testcase name="testWhenBombermanInCoordinate1x1MovesToTheEasternCellHisNewCoordinateIs2x1y" classname="BombermanTest" time="0.001">
<system-out><![CDATA[
unique-id: [engine:junit-vintage]/[runner:BombermanTest]/[test:testWhenBombermanInCoordinate1x1MovesToTheEasternCellHisNewCoordinateIs2x1y(BombermanTest)]
display-name: testWhenBombermanInCoordinate1x1MovesToTheEasternCellHisNewCoordinateIs2x1y
]]></system-out>
</testcase>
<system-out><![CDATA[
unique-id: [engine:junit-vintage]
display-name: JUnit Vintage
]]></system-out>
</testsuite>
